Sun Apr 23 11:07:39 CEST 2023 INVALID LINE 5 campo de frecuencia invalido
Sun Apr 23 11:07:39 CEST 2023 INVALID LINE 6 campo de frecuencia invalido
Sun Apr 23 11:07:39 CEST 2023 INVALID LINE 7 campo de frecuencia invalido
Sun Apr 23 11:07:39 CEST 2023 INVALID LINE 8 campo de frecuencia invalido
Sun Apr 23 11:14:52 CEST 2023 INVALID LINE 2 linea en blanco
Sun Apr 23 11:14:52 CEST 2023 INVALID LINE 3 linea en blanco
Sun Apr 23 11:14:52 CEST 2023 INVALID LINE 5 campo de frecuencia invalido
Sun Apr 23 11:14:52 CEST 2023 INVALID LINE 6 campo de frecuencia invalido
Sun Apr 23 11:14:52 CEST 2023 INVALID LINE 7 campo de frecuencia invalido
Sun Apr 23 11:14:52 CEST 2023 INVALID LINE 8 campo de frecuencia invalido
Sun Apr 23 11:14:52 CEST 2023 INVALID LINE 9 campo de frecuencia invalido
Sun Apr 23 11:14:52 CEST 2023 INVALID LINE 10 campo de frecuencia invalido
Sun Apr 23 11:14:52 CEST 2023 INVALID LINE 2 Publicacion desconocida
Sun Apr 23 11:14:52 CEST 2023 INVALID LINE 3 campo de frecuencia invalido
Sun Apr 23 11:14:52 CEST 2023 INVALID LINE 4 campo de frecuencia invalido
Sun Apr 23 11:14:52 CEST 2023 INVALID LINE 5 Publicacion desconocida
Sun Apr 23 11:14:52 CEST 2023 INVALID LINE 6 campo de frecuencia invalido
Sun Apr 23 11:14:52 CEST 2023 INVALID LINE 7 campo de frecuencia invalido
Sun Apr 23 11:14:52 CEST 2023 INVALID LINE 8 campo de frecuencia invalido
Sun Apr 23 11:18:28 CEST 2023 INVALID LINE 2 linea en blanco
Sun Apr 23 11:18:28 CEST 2023 INVALID LINE 3 linea en blanco
Sun Apr 23 11:18:28 CEST 2023 INVALID LINE 5 campo de frecuencia invalido
Sun Apr 23 11:18:28 CEST 2023 INVALID LINE 6 campo de frecuencia invalido
Sun Apr 23 11:18:28 CEST 2023 INVALID LINE 7 campo de frecuencia invalido
Sun Apr 23 11:18:28 CEST 2023 INVALID LINE 8 campo de frecuencia invalido
Sun Apr 23 11:18:28 CEST 2023 INVALID LINE 9 campo de frecuencia invalido
Sun Apr 23 11:18:28 CEST 2023 INVALID LINE 10 campo de frecuencia invalido
Sun Apr 23 11:18:28 CEST 2023 INVALID LINE 2 Publicacion desconocida
Sun Apr 23 11:18:28 CEST 2023 INVALID LINE 3 campo de frecuencia invalido
Sun Apr 23 11:18:28 CEST 2023 INVALID LINE 4 campo de frecuencia invalido
Sun Apr 23 11:18:28 CEST 2023 INVALID LINE 5 Publicacion desconocida
Sun Apr 23 11:18:28 CEST 2023 INVALID LINE 6 campo de frecuencia invalido
Sun Apr 23 11:18:28 CEST 2023 INVALID LINE 7 campo de frecuencia invalido
Sun Apr 23 11:18:28 CEST 2023 INVALID LINE 8 campo de frecuencia invalido
Sun Apr 23 11:19:47 CEST 2023 INVALID LINE 2 linea en blanco
Sun Apr 23 11:19:47 CEST 2023 INVALID LINE 3 linea en blanco
Sun Apr 23 11:19:47 CEST 2023 INVALID LINE 5 campo de frecuencia invalido
Sun Apr 23 11:19:47 CEST 2023 INVALID LINE 6 campo de frecuencia invalido
Sun Apr 23 11:19:47 CEST 2023 INVALID LINE 7 campo de frecuencia invalido
Sun Apr 23 11:19:47 CEST 2023 INVALID LINE 8 campo de frecuencia invalido
Sun Apr 23 11:19:47 CEST 2023 INVALID LINE 9 campo de frecuencia invalido
Sun Apr 23 11:19:47 CEST 2023 INVALID LINE 10 campo de frecuencia invalido
Sun Apr 23 11:19:47 CEST 2023 INVALID LINE 2 Publicacion desconocida
Sun Apr 23 11:19:47 CEST 2023 INVALID LINE 3 campo de frecuencia invalido
Sun Apr 23 11:19:47 CEST 2023 INVALID LINE 4 campo de frecuencia invalido
Sun Apr 23 11:19:47 CEST 2023 INVALID LINE 5 Publicacion desconocida
Sun Apr 23 11:19:47 CEST 2023 INVALID LINE 6 campo de frecuencia invalido
Sun Apr 23 11:19:47 CEST 2023 INVALID LINE 7 campo de frecuencia invalido
Sun Apr 23 11:19:47 CEST 2023 INVALID LINE 8 campo de frecuencia invalido
Sun Apr 23 11:20:35 CEST 2023 INVALID LINE 2 linea en blanco
Sun Apr 23 11:20:35 CEST 2023 INVALID LINE 3 linea en blanco
Sun Apr 23 11:20:35 CEST 2023 INVALID LINE 5 campo de frecuencia invalido
Sun Apr 23 11:20:35 CEST 2023 INVALID LINE 6 campo de frecuencia invalido
Sun Apr 23 11:20:35 CEST 2023 INVALID LINE 7 campo de frecuencia invalido
Sun Apr 23 11:20:35 CEST 2023 INVALID LINE 8 campo de frecuencia invalido
Sun Apr 23 11:20:35 CEST 2023 INVALID LINE 9 campo de frecuencia invalido
Sun Apr 23 11:20:35 CEST 2023 INVALID LINE 10 campo de frecuencia invalido
Sun Apr 23 11:20:35 CEST 2023 INVALID LINE 2 Publicacion desconocida
Sun Apr 23 11:20:35 CEST 2023 INVALID LINE 3 campo de frecuencia invalido
Sun Apr 23 11:20:35 CEST 2023 INVALID LINE 4 campo de frecuencia invalido
Sun Apr 23 11:20:35 CEST 2023 INVALID LINE 5 Publicacion desconocida
Sun Apr 23 11:20:35 CEST 2023 INVALID LINE 6 campo de frecuencia invalido
Sun Apr 23 11:20:35 CEST 2023 INVALID LINE 7 campo de frecuencia invalido
Sun Apr 23 11:20:35 CEST 2023 INVALID LINE 8 campo de frecuencia invalido
Sun Apr 23 11:21:07 CEST 2023 INVALID LINE 2 linea en blanco
Sun Apr 23 11:21:07 CEST 2023 INVALID LINE 3 linea en blanco
Sun Apr 23 11:21:07 CEST 2023 INVALID LINE 5 campo de frecuencia invalido
Sun Apr 23 11:21:07 CEST 2023 INVALID LINE 6 campo de frecuencia invalido
Sun Apr 23 11:21:07 CEST 2023 INVALID LINE 7 campo de frecuencia invalido
Sun Apr 23 11:21:07 CEST 2023 INVALID LINE 8 campo de frecuencia invalido
Sun Apr 23 11:21:07 CEST 2023 INVALID LINE 9 campo de frecuencia invalido
Sun Apr 23 11:21:07 CEST 2023 INVALID LINE 10 campo de frecuencia invalido
Sun Apr 23 11:21:07 CEST 2023 INVALID LINE 2 Publicacion desconocida
Sun Apr 23 11:21:07 CEST 2023 INVALID LINE 3 campo de frecuencia invalido
Sun Apr 23 11:21:07 CEST 2023 INVALID LINE 4 campo de frecuencia invalido
Sun Apr 23 11:21:07 CEST 2023 INVALID LINE 5 Publicacion desconocida
Sun Apr 23 11:21:07 CEST 2023 INVALID LINE 6 campo de frecuencia invalido
Sun Apr 23 11:21:07 CEST 2023 INVALID LINE 7 campo de frecuencia invalido
Sun Apr 23 11:21:07 CEST 2023 INVALID LINE 8 campo de frecuencia invalido
Sun Apr 23 11:23:44 CEST 2023 INVALID LINE 1 linea en blanco
Sun Apr 23 11:23:44 CEST 2023 INVALID LINE 2 linea en blanco
Sun Apr 23 11:23:44 CEST 2023 INVALID LINE 3 linea en blanco
Sun Apr 23 11:23:44 CEST 2023 INVALID LINE 4 linea en blanco
Sun Apr 23 11:23:44 CEST 2023 INVALID LINE 5 linea en blanco
Sun Apr 23 11:23:44 CEST 2023 INVALID LINE 6 linea en blanco
Sun Apr 23 11:23:44 CEST 2023 INVALID LINE 2 linea en blanco
Sun Apr 23 11:23:44 CEST 2023 INVALID LINE 3 linea en blanco
Sun Apr 23 11:23:44 CEST 2023 INVALID LINE 5 campo de frecuencia invalido
Sun Apr 23 11:23:44 CEST 2023 INVALID LINE 6 campo de frecuencia invalido
Sun Apr 23 11:23:44 CEST 2023 INVALID LINE 7 campo de frecuencia invalido
Sun Apr 23 11:23:44 CEST 2023 INVALID LINE 8 campo de frecuencia invalido
Sun Apr 23 11:23:44 CEST 2023 INVALID LINE 9 campo de frecuencia invalido
Sun Apr 23 11:23:44 CEST 2023 INVALID LINE 10 campo de frecuencia invalido
Sun Apr 23 11:23:44 CEST 2023 INVALID LINE 2 Publicacion desconocida
Sun Apr 23 11:23:44 CEST 2023 INVALID LINE 3 campo de frecuencia invalido
Sun Apr 23 11:23:44 CEST 2023 INVALID LINE 4 campo de frecuencia invalido
Sun Apr 23 11:23:44 CEST 2023 INVALID LINE 5 Publicacion desconocida
Sun Apr 23 11:23:44 CEST 2023 INVALID LINE 6 campo de frecuencia invalido
Sun Apr 23 11:23:44 CEST 2023 INVALID LINE 7 campo de frecuencia invalido
Sun Apr 23 11:23:44 CEST 2023 INVALID LINE 8 campo de frecuencia invalido
Sun Apr 23 11:25:08 CEST 2023 INVALID LINE 1 linea en blanco
Sun Apr 23 11:25:08 CEST 2023 INVALID LINE 2 linea en blanco
Sun Apr 23 11:25:08 CEST 2023 INVALID LINE 3 linea en blanco
Sun Apr 23 11:25:08 CEST 2023 INVALID LINE 4 linea en blanco
Sun Apr 23 11:25:08 CEST 2023 INVALID LINE 5 linea en blanco
Sun Apr 23 11:25:08 CEST 2023 INVALID LINE 6 linea en blanco
Sun Apr 23 11:25:08 CEST 2023 INVALID LINE 2 linea en blanco
Sun Apr 23 11:25:08 CEST 2023 INVALID LINE 3 linea en blanco
Sun Apr 23 11:25:08 CEST 2023 INVALID LINE 5 campo de frecuencia invalido
Sun Apr 23 11:25:08 CEST 2023 INVALID LINE 6 campo de frecuencia invalido
Sun Apr 23 11:25:08 CEST 2023 INVALID LINE 7 campo de frecuencia invalido
Sun Apr 23 11:25:08 CEST 2023 INVALID LINE 8 campo de frecuencia invalido
Sun Apr 23 11:25:08 CEST 2023 INVALID LINE 9 campo de frecuencia invalido
Sun Apr 23 11:25:08 CEST 2023 INVALID LINE 10 campo de frecuencia invalido
Sun Apr 23 11:25:08 CEST 2023 INVALID LINE 2 Publicacion desconocida
Sun Apr 23 11:25:08 CEST 2023 INVALID LINE 3 campo de frecuencia invalido
Sun Apr 23 11:25:08 CEST 2023 INVALID LINE 4 campo de frecuencia invalido
Sun Apr 23 11:25:08 CEST 2023 INVALID LINE 5 Publicacion desconocida
Sun Apr 23 11:25:08 CEST 2023 INVALID LINE 6 campo de frecuencia invalido
Sun Apr 23 11:25:08 CEST 2023 INVALID LINE 7 campo de frecuencia invalido
Sun Apr 23 11:25:08 CEST 2023 INVALID LINE 8 campo de frecuencia invalido
Sun Apr 23 11:25:25 CEST 2023 INVALID LINE 1 linea en blanco
Sun Apr 23 11:25:25 CEST 2023 INVALID LINE 2 linea en blanco
Sun Apr 23 11:25:25 CEST 2023 INVALID LINE 3 linea en blanco
Sun Apr 23 11:25:25 CEST 2023 INVALID LINE 4 linea en blanco
Sun Apr 23 11:25:25 CEST 2023 INVALID LINE 5 linea en blanco
Sun Apr 23 11:25:25 CEST 2023 INVALID LINE 6 linea en blanco
Sun Apr 23 11:25:25 CEST 2023 INVALID LINE 2 linea en blanco
Sun Apr 23 11:25:25 CEST 2023 INVALID LINE 3 linea en blanco
Sun Apr 23 11:25:25 CEST 2023 INVALID LINE 5 campo de frecuencia invalido
Sun Apr 23 11:25:25 CEST 2023 INVALID LINE 6 campo de frecuencia invalido
Sun Apr 23 11:25:25 CEST 2023 INVALID LINE 7 campo de frecuencia invalido
Sun Apr 23 11:25:25 CEST 2023 INVALID LINE 8 campo de frecuencia invalido
Sun Apr 23 11:25:25 CEST 2023 INVALID LINE 9 campo de frecuencia invalido
Sun Apr 23 11:25:25 CEST 2023 INVALID LINE 10 campo de frecuencia invalido
Sun Apr 23 11:25:25 CEST 2023 INVALID LINE 2 Publicacion desconocida
Sun Apr 23 11:25:25 CEST 2023 INVALID LINE 3 campo de frecuencia invalido
Sun Apr 23 11:25:25 CEST 2023 INVALID LINE 4 campo de frecuencia invalido
Sun Apr 23 11:25:25 CEST 2023 INVALID LINE 5 Publicacion desconocida
Sun Apr 23 11:25:25 CEST 2023 INVALID LINE 6 campo de frecuencia invalido
Sun Apr 23 11:25:25 CEST 2023 INVALID LINE 7 campo de frecuencia invalido
Sun Apr 23 11:25:25 CEST 2023 INVALID LINE 8 campo de frecuencia invalido
Sun Apr 23 11:26:32 CEST 2023 INVALID LINE 1 linea en blanco
Sun Apr 23 11:26:32 CEST 2023 INVALID LINE 2 linea en blanco
Sun Apr 23 11:26:32 CEST 2023 INVALID LINE 3 linea en blanco
Sun Apr 23 11:26:32 CEST 2023 INVALID LINE 4 linea en blanco
Sun Apr 23 11:26:32 CEST 2023 INVALID LINE 5 linea en blanco
Sun Apr 23 11:26:32 CEST 2023 INVALID LINE 6 linea en blanco
Sun Apr 23 11:26:32 CEST 2023 INVALID LINE 2 linea en blanco
Sun Apr 23 11:26:32 CEST 2023 INVALID LINE 3 linea en blanco
Sun Apr 23 11:26:32 CEST 2023 INVALID LINE 5 campo de frecuencia invalido
Sun Apr 23 11:26:32 CEST 2023 INVALID LINE 6 campo de frecuencia invalido
Sun Apr 23 11:26:32 CEST 2023 INVALID LINE 7 campo de frecuencia invalido
Sun Apr 23 11:26:32 CEST 2023 INVALID LINE 8 campo de frecuencia invalido
Sun Apr 23 11:26:32 CEST 2023 INVALID LINE 9 campo de frecuencia invalido
Sun Apr 23 11:26:32 CEST 2023 INVALID LINE 10 campo de frecuencia invalido
Sun Apr 23 11:26:32 CEST 2023 INVALID LINE 2 Publicacion desconocida
Sun Apr 23 11:26:32 CEST 2023 INVALID LINE 3 campo de frecuencia invalido
Sun Apr 23 11:26:32 CEST 2023 INVALID LINE 4 campo de frecuencia invalido
Sun Apr 23 11:26:32 CEST 2023 INVALID LINE 5 Publicacion desconocida
Sun Apr 23 11:26:32 CEST 2023 INVALID LINE 6 campo de frecuencia invalido
Sun Apr 23 11:26:32 CEST 2023 INVALID LINE 7 campo de frecuencia invalido
Sun Apr 23 11:26:32 CEST 2023 INVALID LINE 8 campo de frecuencia invalido
Sun Apr 23 11:27:40 CEST 2023 INVALID LINE 1 linea en blanco
Sun Apr 23 11:27:41 CEST 2023 INVALID LINE 2 linea en blanco
Sun Apr 23 11:27:41 CEST 2023 INVALID LINE 3 linea en blanco
Sun Apr 23 11:27:41 CEST 2023 INVALID LINE 4 linea en blanco
Sun Apr 23 11:27:41 CEST 2023 INVALID LINE 5 linea en blanco
Sun Apr 23 11:27:41 CEST 2023 INVALID LINE 6 linea en blanco
Sun Apr 23 11:27:41 CEST 2023 INVALID LINE 2 linea en blanco
Sun Apr 23 11:27:41 CEST 2023 INVALID LINE 3 linea en blanco
Sun Apr 23 11:27:41 CEST 2023 INVALID LINE 5 campo de frecuencia invalido
Sun Apr 23 11:27:41 CEST 2023 INVALID LINE 6 campo de frecuencia invalido
Sun Apr 23 11:27:41 CEST 2023 INVALID LINE 7 campo de frecuencia invalido
Sun Apr 23 11:27:41 CEST 2023 INVALID LINE 8 campo de frecuencia invalido
Sun Apr 23 11:27:41 CEST 2023 INVALID LINE 9 campo de frecuencia invalido
Sun Apr 23 11:27:41 CEST 2023 INVALID LINE 10 campo de frecuencia invalido
Sun Apr 23 11:27:41 CEST 2023 INVALID LINE 2 Publicacion desconocida
Sun Apr 23 11:27:41 CEST 2023 INVALID LINE 3 campo de frecuencia invalido
Sun Apr 23 11:27:41 CEST 2023 INVALID LINE 4 campo de frecuencia invalido
Sun Apr 23 11:27:41 CEST 2023 INVALID LINE 5 Publicacion desconocida
Sun Apr 23 11:27:41 CEST 2023 INVALID LINE 6 campo de frecuencia invalido
Sun Apr 23 11:27:41 CEST 2023 INVALID LINE 7 campo de frecuencia invalido
Sun Apr 23 11:27:41 CEST 2023 INVALID LINE 8 campo de frecuencia invalido
Sun Apr 23 11:28:51 CEST 2023 INVALID LINE 1 linea en blanco
Sun Apr 23 11:28:51 CEST 2023 INVALID LINE 2 linea en blanco
Sun Apr 23 11:28:51 CEST 2023 INVALID LINE 3 linea en blanco
Sun Apr 23 11:28:51 CEST 2023 INVALID LINE 4 linea en blanco
Sun Apr 23 11:28:51 CEST 2023 INVALID LINE 5 linea en blanco
Sun Apr 23 11:28:51 CEST 2023 INVALID LINE 6 linea en blanco
Sun Apr 23 11:28:51 CEST 2023 INVALID LINE 2 linea en blanco
Sun Apr 23 11:28:51 CEST 2023 INVALID LINE 3 linea en blanco
Sun Apr 23 11:28:51 CEST 2023 INVALID LINE 5 campo de frecuencia invalido
Sun Apr 23 11:28:51 CEST 2023 INVALID LINE 6 campo de frecuencia invalido
Sun Apr 23 11:28:51 CEST 2023 INVALID LINE 7 campo de frecuencia invalido
Sun Apr 23 11:28:51 CEST 2023 INVALID LINE 8 campo de frecuencia invalido
Sun Apr 23 11:28:51 CEST 2023 INVALID LINE 9 campo de frecuencia invalido
Sun Apr 23 11:28:51 CEST 2023 INVALID LINE 10 campo de frecuencia invalido
Sun Apr 23 11:30:06 CEST 2023 INVALID LINE 1 linea en blanco
Sun Apr 23 11:30:06 CEST 2023 INVALID LINE 2 linea en blanco
Sun Apr 23 11:30:06 CEST 2023 INVALID LINE 3 linea en blanco
Sun Apr 23 11:30:06 CEST 2023 INVALID LINE 4 linea en blanco
Sun Apr 23 11:30:06 CEST 2023 INVALID LINE 5 linea en blanco
Sun Apr 23 11:30:06 CEST 2023 INVALID LINE 6 linea en blanco
Sun Apr 23 11:30:06 CEST 2023 INVALID LINE 2 linea en blanco
Sun Apr 23 11:30:06 CEST 2023 INVALID LINE 3 linea en blanco
Sun Apr 23 11:30:06 CEST 2023 INVALID LINE 5 campo de frecuencia invalido
Sun Apr 23 11:30:06 CEST 2023 INVALID LINE 6 campo de frecuencia invalido
Sun Apr 23 11:30:06 CEST 2023 INVALID LINE 7 campo de frecuencia invalido
Sun Apr 23 11:30:06 CEST 2023 INVALID LINE 8 campo de frecuencia invalido
Sun Apr 23 11:30:06 CEST 2023 INVALID LINE 9 campo de frecuencia invalido
Sun Apr 23 11:30:06 CEST 2023 INVALID LINE 10 campo de frecuencia invalido
Sun Apr 23 11:30:15 CEST 2023 INVALID LINE 1 linea en blanco
Sun Apr 23 11:30:15 CEST 2023 INVALID LINE 2 linea en blanco
Sun Apr 23 11:30:15 CEST 2023 INVALID LINE 3 linea en blanco
Sun Apr 23 11:30:15 CEST 2023 INVALID LINE 4 linea en blanco
Sun Apr 23 11:30:15 CEST 2023 INVALID LINE 5 linea en blanco
Sun Apr 23 11:30:15 CEST 2023 INVALID LINE 6 linea en blanco
Sun Apr 23 11:30:15 CEST 2023 INVALID LINE 2 linea en blanco
Sun Apr 23 11:30:15 CEST 2023 INVALID LINE 3 linea en blanco
Sun Apr 23 11:30:15 CEST 2023 INVALID LINE 5 campo de frecuencia invalido
Sun Apr 23 11:30:15 CEST 2023 INVALID LINE 6 campo de frecuencia invalido
Sun Apr 23 11:30:15 CEST 2023 INVALID LINE 7 campo de frecuencia invalido
Sun Apr 23 11:30:15 CEST 2023 INVALID LINE 8 campo de frecuencia invalido
Sun Apr 23 11:30:15 CEST 2023 INVALID LINE 9 campo de frecuencia invalido
Sun Apr 23 11:30:15 CEST 2023 INVALID LINE 10 campo de frecuencia invalido
Sun Apr 23 11:31:37 CEST 2023 INVALID LINE 1 linea en blanco
Sun Apr 23 11:31:37 CEST 2023 INVALID LINE 2 linea en blanco
Sun Apr 23 11:31:37 CEST 2023 INVALID LINE 3 linea en blanco
Sun Apr 23 11:31:37 CEST 2023 INVALID LINE 4 linea en blanco
Sun Apr 23 11:31:37 CEST 2023 INVALID LINE 5 linea en blanco
Sun Apr 23 11:31:37 CEST 2023 INVALID LINE 6 linea en blanco
Sun Apr 23 11:31:37 CEST 2023 INVALID LINE 2 linea en blanco
Sun Apr 23 11:31:37 CEST 2023 INVALID LINE 3 linea en blanco
Sun Apr 23 11:31:37 CEST 2023 INVALID LINE 5 campo de frecuencia invalido
Sun Apr 23 11:31:37 CEST 2023 INVALID LINE 6 campo de frecuencia invalido
Sun Apr 23 11:31:37 CEST 2023 INVALID LINE 7 campo de frecuencia invalido
Sun Apr 23 11:31:37 CEST 2023 INVALID LINE 8 campo de frecuencia invalido
Sun Apr 23 11:31:37 CEST 2023 INVALID LINE 9 campo de frecuencia invalido
Sun Apr 23 11:31:37 CEST 2023 INVALID LINE 10 campo de frecuencia invalido
Sun Apr 23 11:31:37 CEST 2023 INVALID LINE 2 Publicacion desconocida
Sun Apr 23 11:31:37 CEST 2023 INVALID LINE 3 campo de frecuencia invalido
Sun Apr 23 11:31:37 CEST 2023 INVALID LINE 4 campo de frecuencia invalido
Sun Apr 23 11:31:37 CEST 2023 INVALID LINE 5 Publicacion desconocida
Sun Apr 23 11:31:37 CEST 2023 INVALID LINE 6 campo de frecuencia invalido
Sun Apr 23 11:31:37 CEST 2023 INVALID LINE 7 campo de frecuencia invalido
Sun Apr 23 11:31:37 CEST 2023 INVALID LINE 8 campo de frecuencia invalido
Sun Apr 23 11:35:13 CEST 2023 INVALID LINE 3 Publicacion desconocida
Sun Apr 23 11:35:13 CEST 2023 INVALID LINE 4 linea en blanco
Sun Apr 23 11:35:13 CEST 2023 INVALID LINE 5 parametros numericos incorrectos
Sun Apr 23 11:37:14 CEST 2023 INVALID LINE 3 Publicacion desconocida
Sun Apr 23 11:37:14 CEST 2023 INVALID LINE 4 linea en blanco
Sun Apr 23 11:37:14 CEST 2023 INVALID LINE 5 parametros numericos incorrectos
Sun Apr 23 11:38:33 CEST 2023 INVALID LINE 3 Publicacion desconocida
Sun Apr 23 11:38:33 CEST 2023 INVALID LINE 4 linea en blanco
Sun Apr 23 11:38:33 CEST 2023 INVALID LINE 5 parametros numericos incorrectos
Sun Apr 23 11:39:28 CEST 2023 INVALID LINE 3 Publicacion desconocida
Sun Apr 23 11:39:28 CEST 2023 INVALID LINE 4 linea en blanco
Sun Apr 23 11:39:28 CEST 2023 INVALID LINE 5 parametros numericos incorrectos
Tue Apr 25 18:44:10 CEST 2023 INVALID LINE 3 Publicacion desconocida
Tue Apr 25 18:44:10 CEST 2023 INVALID LINE 4 linea en blanco
Tue Apr 25 18:44:10 CEST 2023 INVALID LINE 5 parametros numericos incorrectos
Tue Apr 25 18:44:38 CEST 2023 INVALID LINE 5 campo de frecuencia invalido
Tue Apr 25 18:44:38 CEST 2023 INVALID LINE 6 campo de frecuencia invalido
Tue Apr 25 18:44:38 CEST 2023 INVALID LINE 7 campo de frecuencia invalido
Tue Apr 25 18:44:38 CEST 2023 INVALID LINE 8 campo de frecuencia invalido
