Mon May 01 11:34:17 CEST 2023 Tipo de pregunta invalida en línea 1
Mon May 01 11:36:28 CEST 2023 Tipo de pregunta invalida en línea 1
Mon May 01 11:40:04 CEST 2023 Tipo de pregunta invalida en línea 1
Mon May 01 11:41:56 CEST 2023 Tipo de pregunta invalida en línea 1
Mon May 01 11:43:24 CEST 2023 Tipo de pregunta invalida en línea 1
Mon May 01 11:43:24 CEST 2023 linea invalida
Mon May 01 11:43:45 CEST 2023 Tipo de pregunta invalida en línea 1
Mon May 01 11:43:45 CEST 2023 linea invalida
Mon May 01 11:44:33 CEST 2023 Tipo de pregunta invalida en línea 1
Mon May 01 11:44:33 CEST 2023 linea invalida
Mon May 01 11:51:41 CEST 2023 Tipo de pregunta invalida en línea 1
Mon May 01 11:51:41 CEST 2023 linea invalida
Mon May 01 11:51:41 CEST 2023 Error en la linea 1: argumento invalido(0.5s)
Mon May 01 11:51:41 CEST 2023 Error en la linea 2: argumento invalido(12.5t)
Mon May 01 11:51:41 CEST 2023 Error en la linea 3: argumento invalido(1.0k)
Mon May 01 11:52:24 CEST 2023 Tipo de pregunta invalida en línea 1
Mon May 01 11:52:24 CEST 2023 linea invalida
Mon May 01 11:52:24 CEST 2023 Error en la linea 1: argumento invalido(0.5s)
Mon May 01 11:52:24 CEST 2023 Error en la linea 2: argumento invalido(12.5t)
Mon May 01 11:52:24 CEST 2023 Error en la linea 3: argumento invalido(1.o)
Mon May 01 11:52:24 CEST 2023 Error en la linea 4: argumento invalido(1.0k)
Mon May 01 11:54:56 CEST 2023 Tipo de pregunta invalida en línea 1
Mon May 01 11:54:56 CEST 2023 linea invalida
Mon May 01 11:54:56 CEST 2023 Error en el número de campos en línea: 1
Mon May 01 11:54:56 CEST 2023 Error en el número de campos en línea: 2
Mon May 01 11:54:56 CEST 2023 Error en el número de campos en línea: 3
Mon May 01 11:54:56 CEST 2023 Error en el número de campos en línea: 4
Mon May 01 11:54:56 CEST 2023 Error en la linea 1: argumento invalido(0.5s)
Mon May 01 11:54:56 CEST 2023 Error en la linea 2: argumento invalido(12.5t)
Mon May 01 11:54:56 CEST 2023 Error en la linea 3: argumento invalido(1.o)
Mon May 01 11:54:56 CEST 2023 Error en la linea 4: argumento invalido(1.0k)
